[debug] [2022-08-15T10:56:28.280Z] ----------------------------------------------------------------------
[debug] [2022-08-15T10:56:28.283Z] Command:       E:\nodeJs\node.exe C:\Users\DIZE\AppData\Roaming\npm\node_modules\firebase-tools\lib\bin\firebase.js init
[debug] [2022-08-15T10:56:28.283Z] CLI Version:   11.6.0
[debug] [2022-08-15T10:56:28.284Z] Platform:      win32
[debug] [2022-08-15T10:56:28.284Z] Node Version:  v18.6.0
[debug] [2022-08-15T10:56:28.285Z] Time:          Mon Aug 15 2022 18:56:28 GMT+0800 (Central Indonesia Time)
[debug] [2022-08-15T10:56:28.285Z] ----------------------------------------------------------------------
[debug] 
[debug] [2022-08-15T10:56:28.293Z] > command requires scopes: ["email","openid","https://www.googleapis.com/auth/cloudplatformprojects.readonly","https://www.googleapis.com/auth/firebase","https://www.googleapis.com/auth/cloud-platform"]
[debug] [2022-08-15T10:56:28.294Z] > authorizing via signed-in user (wawanharianto696@gmail.com)
[info] 
     ######## #### ########  ######## ########     ###     ######  ########
     ##        ##  ##     ## ##       ##     ##  ##   ##  ##       ##
     ######    ##  ########  ######   ########  #########  ######  ######
     ##        ##  ##    ##  ##       ##     ## ##     ##       ## ##
     ##       #### ##     ## ######## ########  ##     ##  ######  ########

You're about to initialize a Firebase project in this directory:

  E:\Perumnas\samesta-bumnx

[info] 
=== Project Setup
[info] 
[info] First, let's associate this project directory with a Firebase project.
[info] You can create multiple project aliases by running firebase use --add, 
[info] but for now we'll just set up a default project.
[info] 
[debug] [2022-08-15T10:58:24.916Z] > refreshing access token with scopes: []
[debug] [2022-08-15T10:58:24.919Z] >>> [apiv2][query] POST https://www.googleapis.com/oauth2/v3/token [none]
[debug] [2022-08-15T10:58:24.919Z] >>> [apiv2][body] POST https://www.googleapis.com/oauth2/v3/token [omitted]
[debug] [2022-08-15T10:58:25.656Z] <<< [apiv2][status] POST https://www.googleapis.com/oauth2/v3/token 200
[debug] [2022-08-15T10:58:25.656Z] <<< [apiv2][body] POST https://www.googleapis.com/oauth2/v3/token [omitted]
[debug] [2022-08-15T10:58:25.670Z] >>> [apiv2][query] GET https://firebase.googleapis.com/v1beta1/projects pageSize=100
[debug] [2022-08-15T10:58:26.921Z] <<< [apiv2][status] GET https://firebase.googleapis.com/v1beta1/projects 200
[debug] [2022-08-15T10:58:26.921Z] <<< [apiv2][body] GET https://firebase.googleapis.com/v1beta1/projects [omitted]
[info] i  Using project cogent-tract-359019 (My First Project) 
[info] 
=== Hosting Setup
[info] 
[info] Your public directory is the folder (relative to your project directory) that
[info] will contain Hosting assets to be uploaded with firebase deploy. If you
[info] have a build process for your assets, use your build's output directory.
[info] 
[debug] [2022-08-15T10:59:34.478Z] >>> [apiv2][query] GET https://www.gstatic.com/firebasejs/releases.json [none]
[debug] [2022-08-15T10:59:34.820Z] <<< [apiv2][status] GET https://www.gstatic.com/firebasejs/releases.json 200
[debug] [2022-08-15T10:59:34.820Z] <<< [apiv2][body] GET https://www.gstatic.com/firebasejs/releases.json {"current":{"version":"9.9.2","browserURL":"https://www.gstatic.com/firebasejs/9.9.2/firebase.js","packageURL":"https://www.gstatic.com/firebasejs/9.9.2/firebase.tgz"},"live":{"version":"9.9","browserURL":"https://www.gstatic.com/firebasejs/live/9.9/firebase.js","packageURL":"https://www.gstatic.com/firebasejs/live/9.9/firebase.tgz"},"components":{"analytics":"https://www.gstatic.com/firebasejs/9.9.2/firebase-analytics.js","app":"https://www.gstatic.com/firebasejs/9.9.2/firebase-app.js","app-check":"https://www.gstatic.com/firebasejs/9.9.2/firebase-app-check.js","auth":"https://www.gstatic.com/firebasejs/9.9.2/firebase-auth.js","auth/cordova":"https://www.gstatic.com/firebasejs/9.9.2/firebase-auth/cordova.js","auth/react-native":"https://www.gstatic.com/firebasejs/9.9.2/firebase-auth/react-native.js","functions":"https://www.gstatic.com/firebasejs/9.9.2/firebase-functions.js","firestore":"https://www.gstatic.com/firebasejs/9.9.2/firebase-firestore.js","firestore/lite":"https://www.gstatic.com/firebasejs/9.9.2/firebase-firestore/lite.js","installations":"https://www.gstatic.com/firebasejs/9.9.2/firebase-installations.js","storage":"https://www.gstatic.com/firebasejs/9.9.2/firebase-storage.js","performance":"https://www.gstatic.com/firebasejs/9.9.2/firebase-performance.js","remote-config":"https://www.gstatic.com/firebasejs/9.9.2/firebase-remote-config.js","messaging":"https://www.gstatic.com/firebasejs/9.9.2/firebase-messaging.js","messaging/sw":"https://www.gstatic.com/firebasejs/9.9.2/firebase-messaging/sw.js","database":"https://www.gstatic.com/firebasejs/9.9.2/firebase-database.js","firestore.memory":"https://www.gstatic.com/firebasejs/9.9.2/firebase-firestore.memory.js"}}
[info] +  Wrote build/index.html 
[info] 
[info] i  Didn't detect a .git folder. Assuming E:\Perumnas\samesta-bumnx is the project root. 
[info] i  Authorizing with GitHub to upload your service account to a GitHub repository's secrets store. 
[info] 
[info] Visit this URL on this device to log in:
[info] https://github.com/login/oauth/authorize?client_id=89cf50f02ac6aaed3484&state=862126011&redirect_uri=http%3A%2F%2Flocalhost%3A9005&scope=read%3Auser%20repo%20public_repo
[info] 
[info] Waiting for authentication...
[debug] [2022-08-15T10:59:35.972Z] >>> [apiv2][query] POST https://github.com/login/oauth/access_token [none]
[debug] [2022-08-15T10:59:35.973Z] >>> [apiv2][body] POST https://github.com/login/oauth/access_token [stream]
[debug] [2022-08-15T10:59:36.797Z] <<< [apiv2][status] POST https://github.com/login/oauth/access_token 200
[debug] [2022-08-15T10:59:36.797Z] <<< [apiv2][body] POST https://github.com/login/oauth/access_token {"access_token":"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","token_type":"bearer","scope":"read:user,repo"}
[debug] [2022-08-15T10:59:36.805Z] >>> [apiv2][query] GET https://api.github.com/user [none]
[debug] [2022-08-15T10:59:37.708Z] <<< [apiv2][status] GET https://api.github.com/user 200
[debug] [2022-08-15T10:59:37.709Z] <<< [apiv2][body] GET https://api.github.com/user {"login":"wawanharianto","id":54743733,"node_id":"MDQ6VXNlcjU0NzQzNzMz","avatar_url":"https://avatars.githubusercontent.com/u/54743733?v=4","gravatar_id":"","url":"https://api.github.com/users/wawanharianto","html_url":"https://github.com/wawanharianto","followers_url":"https://api.github.com/users/wawanharianto/followers","following_url":"https://api.github.com/users/wawanharianto/following{/other_user}","gists_url":"https://api.github.com/users/wawanharianto/gists{/gist_id}","starred_url":"https://api.github.com/users/wawanharianto/starred{/owner}{/repo}","subscriptions_url":"https://api.github.com/users/wawanharianto/subscriptions","organizations_url":"https://api.github.com/users/wawanharianto/orgs","repos_url":"https://api.github.com/users/wawanharianto/repos","events_url":"https://api.github.com/users/wawanharianto/events{/privacy}","received_events_url":"https://api.github.com/users/wawanharianto/received_events","type":"User","site_admin":false,"name":"Wawan Harianto","company":null,"blog":"","location":"Indonesia","email":null,"hireable":null,"bio":"Iam a web-devlopment, desktop sofware, android and any just for fun of my project","twitter_username":null,"public_repos":24,"public_gists":0,"followers":0,"following":2,"created_at":"2019-08-31T13:17:00Z","updated_at":"2022-07-29T08:09:32Z","private_gists":0,"total_private_repos":1,"owned_private_repos":1,"disk_usage":90549,"collaborators":2,"two_factor_authentication":false,"plan":{"name":"free","space":976562499,"collaborators":0,"private_repos":10000}}
[info] 
[info] +  Success! Logged into GitHub as wawanharianto 
[info] 
[debug] [2022-08-15T11:00:34.805Z] >>> [apiv2][query] GET https://api.github.com/repos/wawanharianto/samestacoba/actions/secrets/public-key type=owner
[debug] [2022-08-15T11:00:35.730Z] <<< [apiv2][status] GET https://api.github.com/repos/wawanharianto/samestacoba/actions/secrets/public-key 404
[debug] [2022-08-15T11:00:35.730Z] <<< [apiv2][body] GET https://api.github.com/repos/wawanharianto/samestacoba/actions/secrets/public-key {"message":"Not Found","documentation_url":"https://docs.github.com/rest/reference/actions#get-a-repository-public-key"}
[debug] [2022-08-15T11:00:49.487Z] >>> [apiv2][query] GET https://api.github.com/repos/wawanharianto/samestacoba/actions/secrets/public-key type=owner
[debug] [2022-08-15T11:00:50.029Z] <<< [apiv2][status] GET https://api.github.com/repos/wawanharianto/samestacoba/actions/secrets/public-key 404
[debug] [2022-08-15T11:00:50.030Z] <<< [apiv2][body] GET https://api.github.com/repos/wawanharianto/samestacoba/actions/secrets/public-key {"message":"Not Found","documentation_url":"https://docs.github.com/rest/reference/actions#get-a-repository-public-key"}
[debug] [2022-08-15T11:00:51.666Z] >>> [apiv2][query] GET https://api.github.com/repos/wawanharianto/samestacoba/actions/secrets/public-key type=owner
[debug] [2022-08-15T11:00:52.191Z] <<< [apiv2][status] GET https://api.github.com/repos/wawanharianto/samestacoba/actions/secrets/public-key 404
[debug] [2022-08-15T11:00:52.191Z] <<< [apiv2][body] GET https://api.github.com/repos/wawanharianto/samestacoba/actions/secrets/public-key {"message":"Not Found","documentation_url":"https://docs.github.com/rest/reference/actions#get-a-repository-public-key"}
[debug] [2022-08-15T11:00:52.853Z] >>> [apiv2][query] GET https://api.github.com/repos/wawanharianto/samestacoba/actions/secrets/public-key type=owner
[debug] [2022-08-15T11:00:53.459Z] <<< [apiv2][status] GET https://api.github.com/repos/wawanharianto/samestacoba/actions/secrets/public-key 404
[debug] [2022-08-15T11:00:53.459Z] <<< [apiv2][body] GET https://api.github.com/repos/wawanharianto/samestacoba/actions/secrets/public-key {"message":"Not Found","documentation_url":"https://docs.github.com/rest/reference/actions#get-a-repository-public-key"}
[debug] [2022-08-15T11:00:53.997Z] >>> [apiv2][query] GET https://api.github.com/repos/wawanharianto/samestacoba/actions/secrets/public-key type=owner
[debug] [2022-08-15T11:00:54.833Z] <<< [apiv2][status] GET https://api.github.com/repos/wawanharianto/samestacoba/actions/secrets/public-key 404
[debug] [2022-08-15T11:00:54.833Z] <<< [apiv2][body] GET https://api.github.com/repos/wawanharianto/samestacoba/actions/secrets/public-key {"message":"Not Found","documentation_url":"https://docs.github.com/rest/reference/actions#get-a-repository-public-key"}
[debug] [2022-08-15T11:00:55.783Z] >>> [apiv2][query] GET https://api.github.com/repos/wawanharianto/samestacoba/actions/secrets/public-key type=owner
[debug] [2022-08-15T11:00:56.283Z] <<< [apiv2][status] GET https://api.github.com/repos/wawanharianto/samestacoba/actions/secrets/public-key 404
[debug] [2022-08-15T11:00:56.283Z] <<< [apiv2][body] GET https://api.github.com/repos/wawanharianto/samestacoba/actions/secrets/public-key {"message":"Not Found","documentation_url":"https://docs.github.com/rest/reference/actions#get-a-repository-public-key"}
[debug] [2022-08-15T11:00:58.052Z] >>> [apiv2][query] GET https://api.github.com/repos/wawanharianto/samestacoba/actions/secrets/public-key type=owner
[debug] [2022-08-15T11:00:58.305Z] >>> [apiv2][query] GET https://api.github.com/repos//actions/secrets/public-key type=owner
[debug] [2022-08-15T11:00:58.339Z] >>> [apiv2][query] GET https://api.github.com/repos//actions/secrets/public-key type=owner
[debug] [2022-08-15T11:00:58.373Z] >>> [apiv2][query] GET https://api.github.com/repos//actions/secrets/public-key type=owner
[debug] [2022-08-15T11:00:58.406Z] >>> [apiv2][query] GET https://api.github.com/repos//actions/secrets/public-key type=owner
[debug] [2022-08-15T11:00:58.438Z] >>> [apiv2][query] GET https://api.github.com/repos//actions/secrets/public-key type=owner
[debug] [2022-08-15T11:00:58.471Z] >>> [apiv2][query] GET https://api.github.com/repos//actions/secrets/public-key type=owner
[debug] [2022-08-15T11:00:58.504Z] >>> [apiv2][query] GET https://api.github.com/repos//actions/secrets/public-key type=owner
[debug] [2022-08-15T11:00:58.537Z] >>> [apiv2][query] GET https://api.github.com/repos//actions/secrets/public-key type=owner
[debug] [2022-08-15T11:00:58.575Z] >>> [apiv2][query] GET https://api.github.com/repos//actions/secrets/public-key type=owner
[debug] [2022-08-15T11:00:58.605Z] >>> [apiv2][query] GET https://api.github.com/repos//actions/secrets/public-key type=owner
[debug] [2022-08-15T11:00:58.635Z] >>> [apiv2][query] GET https://api.github.com/repos//actions/secrets/public-key type=owner
[debug] [2022-08-15T11:00:58.668Z] >>> [apiv2][query] GET https://api.github.com/repos//actions/secrets/public-key type=owner
[debug] [2022-08-15T11:00:58.702Z] >>> [apiv2][query] GET https://api.github.com/repos//actions/secrets/public-key type=owner
[debug] [2022-08-15T11:00:58.865Z] <<< [apiv2][status] GET https://api.github.com/repos/wawanharianto/samestacoba/actions/secrets/public-key 404
[debug] [2022-08-15T11:00:58.865Z] <<< [apiv2][body] GET https://api.github.com/repos/wawanharianto/samestacoba/actions/secrets/public-key {"message":"Not Found","documentation_url":"https://docs.github.com/rest/reference/actions#get-a-repository-public-key"}
[debug] [2022-08-15T11:00:58.884Z] <<< [apiv2][status] GET https://api.github.com/repos//actions/secrets/public-key 404
[debug] [2022-08-15T11:00:58.885Z] <<< [apiv2][body] GET https://api.github.com/repos//actions/secrets/public-key {"message":"Not Found","documentation_url":"https://docs.github.com/rest"}
[debug] [2022-08-15T11:00:58.920Z] <<< [apiv2][status] GET https://api.github.com/repos//actions/secrets/public-key 404
[debug] [2022-08-15T11:00:58.920Z] <<< [apiv2][body] GET https://api.github.com/repos//actions/secrets/public-key {"message":"Not Found","documentation_url":"https://docs.github.com/rest"}
[debug] [2022-08-15T11:00:58.934Z] >>> [apiv2][query] GET https://api.github.com/repos/wawanharianto/samestacoba/actions/secrets/public-key type=owner
[debug] [2022-08-15T11:00:58.941Z] <<< [apiv2][status] GET https://api.github.com/repos//actions/secrets/public-key 404
[debug] [2022-08-15T11:00:58.941Z] <<< [apiv2][body] GET https://api.github.com/repos//actions/secrets/public-key {"message":"Not Found","documentation_url":"https://docs.github.com/rest"}
[debug] [2022-08-15T11:00:58.945Z] <<< [apiv2][status] GET https://api.github.com/repos//actions/secrets/public-key 404
[debug] [2022-08-15T11:00:58.945Z] <<< [apiv2][body] GET https://api.github.com/repos//actions/secrets/public-key {"message":"Not Found","documentation_url":"https://docs.github.com/rest"}
[debug] [2022-08-15T11:00:58.956Z] <<< [apiv2][status] GET https://api.github.com/repos//actions/secrets/public-key 404
[debug] [2022-08-15T11:00:58.956Z] <<< [apiv2][body] GET https://api.github.com/repos//actions/secrets/public-key {"message":"Not Found","documentation_url":"https://docs.github.com/rest"}
[debug] [2022-08-15T11:00:59.022Z] <<< [apiv2][status] GET https://api.github.com/repos//actions/secrets/public-key 404
[debug] [2022-08-15T11:00:59.023Z] <<< [apiv2][body] GET https://api.github.com/repos//actions/secrets/public-key {"message":"Not Found","documentation_url":"https://docs.github.com/rest"}
[debug] [2022-08-15T11:00:59.025Z] <<< [apiv2][status] GET https://api.github.com/repos//actions/secrets/public-key 404
[debug] [2022-08-15T11:00:59.026Z] <<< [apiv2][body] GET https://api.github.com/repos//actions/secrets/public-key {"message":"Not Found","documentation_url":"https://docs.github.com/rest"}
[debug] [2022-08-15T11:00:59.047Z] <<< [apiv2][status] GET https://api.github.com/repos//actions/secrets/public-key 404
[debug] [2022-08-15T11:00:59.047Z] <<< [apiv2][body] GET https://api.github.com/repos//actions/secrets/public-key {"message":"Not Found","documentation_url":"https://docs.github.com/rest"}
[debug] [2022-08-15T11:00:59.104Z] <<< [apiv2][status] GET https://api.github.com/repos//actions/secrets/public-key 404
[debug] [2022-08-15T11:00:59.104Z] <<< [apiv2][body] GET https://api.github.com/repos//actions/secrets/public-key {"message":"Not Found","documentation_url":"https://docs.github.com/rest"}
[debug] [2022-08-15T11:00:59.132Z] <<< [apiv2][status] GET https://api.github.com/repos//actions/secrets/public-key 404
[debug] [2022-08-15T11:00:59.132Z] <<< [apiv2][body] GET https://api.github.com/repos//actions/secrets/public-key {"message":"Not Found","documentation_url":"https://docs.github.com/rest"}
[debug] [2022-08-15T11:00:59.136Z] <<< [apiv2][status] GET https://api.github.com/repos//actions/secrets/public-key 404
[debug] [2022-08-15T11:00:59.136Z] <<< [apiv2][body] GET https://api.github.com/repos//actions/secrets/public-key {"message":"Not Found","documentation_url":"https://docs.github.com/rest"}
[debug] [2022-08-15T11:00:59.157Z] <<< [apiv2][status] GET https://api.github.com/repos//actions/secrets/public-key 404
[debug] [2022-08-15T11:00:59.157Z] <<< [apiv2][body] GET https://api.github.com/repos//actions/secrets/public-key {"message":"Not Found","documentation_url":"https://docs.github.com/rest"}
[debug] [2022-08-15T11:00:59.423Z] <<< [apiv2][status] GET https://api.github.com/repos//actions/secrets/public-key 404
[debug] [2022-08-15T11:00:59.423Z] <<< [apiv2][body] GET https://api.github.com/repos//actions/secrets/public-key {"message":"Not Found","documentation_url":"https://docs.github.com/rest"}
[debug] [2022-08-15T11:00:59.712Z] <<< [apiv2][status] GET https://api.github.com/repos/wawanharianto/samestacoba/actions/secrets/public-key 404
[debug] [2022-08-15T11:00:59.712Z] <<< [apiv2][body] GET https://api.github.com/repos/wawanharianto/samestacoba/actions/secrets/public-key {"message":"Not Found","documentation_url":"https://docs.github.com/rest/reference/actions#get-a-repository-public-key"}
[debug] [2022-08-15T11:01:01.623Z] >>> [apiv2][query] GET https://api.github.com/repos/wawanharianto/samestacoba/actions/secrets/public-key type=owner
[debug] [2022-08-15T11:01:02.193Z] <<< [apiv2][status] GET https://api.github.com/repos/wawanharianto/samestacoba/actions/secrets/public-key 404
[debug] [2022-08-15T11:01:02.193Z] <<< [apiv2][body] GET https://api.github.com/repos/wawanharianto/samestacoba/actions/secrets/public-key {"message":"Not Found","documentation_url":"https://docs.github.com/rest/reference/actions#get-a-repository-public-key"}
